<?xml version="1.0" encoding="UTF-8"?>
<testng-results ignored="0" total="1" passed="1" failed="0" skipped="0">
  <reporter-output>
  </reporter-output>
  <suite started-at="2022-09-20T19:55:54 IST" name="Default suite" finished-at="2022-09-20T19:55:54 IST" duration-ms="59">
    <groups>
    </groups>
    <test started-at="2022-09-20T19:55:54 IST" name="Default test" finished-at="2022-09-20T19:55:54 IST" duration-ms="59">
      <class name="practice.DummyClassTest">
        <test-method signature="dummyTestMethod()[pri:0, instance:practice.DummyClassTest@3f56875e]" started-at="2022-09-20T19:55:54 IST" name="dummyTestMethod" finished-at="2022-09-20T19:55:54 IST" duration-ms="10" status="PASS">
          <reporter-output>
          </reporter-output>
        </test-method> <!-- dummyTestMethod -->
      </class> <!-- practice.DummyClassTest -->
    </test> <!-- Default test -->
  </suite> <!-- Default suite -->
</testng-results>
