<?xml version="1.0" encoding="UTF-8"?>
<testng-results ignored="0" total="1" passed="1" failed="0" skipped="0">
  <reporter-output>
  </reporter-output>
  <suite started-at="2022-09-27T23:22:15 IST" name="Default suite" finished-at="2022-09-27T23:22:39 IST" duration-ms="23972">
    <groups>
    </groups>
    <test started-at="2022-09-27T23:22:15 IST" name="Default test" finished-at="2022-09-27T23:22:39 IST" duration-ms="23972">
      <class name="flipkartTest.FlipkartTest2">
        <test-method signature="sort4gbRedmiPhones()[pri:0, instance:flipkartTest.FlipkartTest2@6a370f4]" started-at="2022-09-27T23:22:15 IST" name="sort4gbRedmiPhones" finished-at="2022-09-27T23:22:39 IST" duration-ms="23929" status="PASS">
          <reporter-output>
          </reporter-output>
        </test-method> <!-- sort4gbRedmiPhones -->
      </class> <!-- flipkartTest.FlipkartTest2 -->
    </test> <!-- Default test -->
  </suite> <!-- Default suite -->
</testng-results>
